[ 2025-09-12 09:40:47,545] 16 main.py - INFO - Intiate Data Ingestion
[ 2025-09-12 09:40:49,513] 62 data_ingestion.py - INFO - Train test split is done
[ 2025-09-12 09:40:49,563] 69 data_ingestion.py - INFO - Created Train and Test directory with data in it
[ 2025-09-12 09:40:49,564] 18 main.py - INFO - Data Initiation is completed
[ 2025-09-12 09:40:49,568] 22 main.py - INFO - Data Validation Initiate
[ 2025-09-12 09:40:49,623] 36 data_validation.py - INFO - Required number of columns: 2
[ 2025-09-12 09:40:49,624] 37 data_validation.py - INFO - df has columns: 31
[ 2025-09-12 09:40:49,624] 36 data_validation.py - INFO - Required number of columns: 2
[ 2025-09-12 09:40:49,625] 37 data_validation.py - INFO - df has columns: 31
[ 2025-09-12 09:40:49,746] 134 data_validation.py - INFO - Data Validation artifact: DataValidationArtifact(validation_status=None, valid_train_file_path='Artifacts\\09_12_2025_09_40_47\\data_validation\\validated\\train.csv', valid_test_file_path='Artifacts\\09_12_2025_09_40_47\\data_validation\\validated\\test.csv', invalid_train_file_path='Artifacts\\09_12_2025_09_40_47\\data_validation\\invalid\\train.csv', invalid_test_file_path='Artifacts\\09_12_2025_09_40_47\\data_validation\\invalid\\test.csv', drift_report_file_path='Artifacts\\09_12_2025_09_40_47\\data_validation\\drift_report\\drift_report\\report.yaml')
[ 2025-09-12 09:40:49,746] 24 main.py - INFO - Data Validation Completed
[ 2025-09-12 09:40:49,746] 28 main.py - INFO - Intiate Data Transformation
[ 2025-09-12 09:40:49,746] 50 data_transformation.py - INFO - Initiating Data Transformation
[ 2025-09-12 09:40:49,747] 52 data_transformation.py - INFO - Artifacts\09_12_2025_09_40_47\data_validation\validated\train.csv
[ 2025-09-12 09:40:49,792] 29 data_transformation.py - INFO - Entered get data transformer object method of transformation
[ 2025-09-12 09:40:49,792] 32 data_transformation.py - INFO - Initialize KNN imputer with parameters as {'missing_values': nan, 'n_neighbors': 3, 'weights': 'uniform'}
[ 2025-09-12 09:40:49,808] 76 data_transformation.py - INFO - Preparing Artifacts
[ 2025-09-12 09:40:49,809] 30 main.py - INFO - Data Transformation Completed
[ 2025-09-12 09:40:49,826] 113 model_trainer.py - INFO - Initiating Model Traininig
[ 2025-09-12 09:41:25,821] 66 model_trainer.py - INFO - Best Model Name -> Random Forest
[ 2025-09-12 09:41:25,821] 67 model_trainer.py - INFO - Best Model Score -> 0.8882250565624923
[ 2025-09-12 09:41:25,877] 89 model_trainer.py - INFO - ModelTrainerArtifact(trained_model_file_path='Artifacts\\09_12_2025_09_40_47\\model_trainer\\trained_model\\model.pkl', train_metric_artifact=ClassificationMertricArtifact(f1_score=0.9915949367088608, precision_score=0.9894907033144705, recall_score=0.9937081388268724), test_metric_artifact=ClassificationMertricArtifact(f1_score=0.9753336029114436, precision_score=0.9702333065164923, recall_score=0.9804878048780488))
[ 2025-09-12 09:41:25,878] 35 main.py - INFO - Model Training Completed
