[ 2025-09-13 11:17:28,991] 16 main.py - INFO - Intiate Data Ingestion
[ 2025-09-13 11:17:31,218] 62 data_ingestion.py - INFO - Train test split is done
[ 2025-09-13 11:17:31,263] 69 data_ingestion.py - INFO - Created Train and Test directory with data in it
[ 2025-09-13 11:17:31,264] 18 main.py - INFO - Data Initiation is completed
[ 2025-09-13 11:17:31,267] 22 main.py - INFO - Data Validation Initiate
[ 2025-09-13 11:17:31,314] 36 data_validation.py - INFO - Required number of columns: 2
[ 2025-09-13 11:17:31,315] 37 data_validation.py - INFO - df has columns: 31
[ 2025-09-13 11:17:31,315] 36 data_validation.py - INFO - Required number of columns: 2
[ 2025-09-13 11:17:31,316] 37 data_validation.py - INFO - df has columns: 31
[ 2025-09-13 11:17:31,436] 134 data_validation.py - INFO - Data Validation artifact: DataValidationArtifact(validation_status=None, valid_train_file_path='Artifacts\\09_13_2025_11_17_27\\data_validation\\validated\\train.csv', valid_test_file_path='Artifacts\\09_13_2025_11_17_27\\data_validation\\validated\\test.csv', invalid_train_file_path='Artifacts\\09_13_2025_11_17_27\\data_validation\\invalid\\train.csv', invalid_test_file_path='Artifacts\\09_13_2025_11_17_27\\data_validation\\invalid\\test.csv', drift_report_file_path='Artifacts\\09_13_2025_11_17_27\\data_validation\\drift_report\\drift_report\\report.yaml')
[ 2025-09-13 11:17:31,436] 24 main.py - INFO - Data Validation Completed
[ 2025-09-13 11:17:31,436] 28 main.py - INFO - Intiate Data Transformation
[ 2025-09-13 11:17:31,436] 50 data_transformation.py - INFO - Initiating Data Transformation
[ 2025-09-13 11:17:31,436] 52 data_transformation.py - INFO - Artifacts\09_13_2025_11_17_27\data_validation\validated\train.csv
[ 2025-09-13 11:17:31,496] 29 data_transformation.py - INFO - Entered get data transformer object method of transformation
[ 2025-09-13 11:17:31,496] 32 data_transformation.py - INFO - Initialize KNN imputer with parameters as {'missing_values': nan, 'n_neighbors': 3, 'weights': 'uniform'}
[ 2025-09-13 11:17:31,515] 76 data_transformation.py - INFO - Preparing Artifacts
[ 2025-09-13 11:17:31,516] 30 main.py - INFO - Data Transformation Completed
[ 2025-09-13 11:17:31,537] 128 model_trainer.py - INFO - Initiating Model Traininig
[ 2025-09-13 11:18:10,082] 78 model_trainer.py - INFO - Best Model Name -> Random Forest
[ 2025-09-13 11:18:10,082] 79 model_trainer.py - INFO - Best Model Score -> 0.9116306954436451
[ 2025-09-13 11:18:21,466] 104 model_trainer.py - INFO - ModelTrainerArtifact(trained_model_file_path='Artifacts\\09_13_2025_11_17_27\\model_trainer\\trained_model\\model.pkl', train_metric_artifact=ClassificationMertricArtifact(f1_score=0.9905458981396768, precision_score=0.9880348813628067, recall_score=0.9930697105584998), test_metric_artifact=ClassificationMertricArtifact(f1_score=0.9809523809523809, precision_score=0.9739952718676123, recall_score=0.988009592326139))
[ 2025-09-13 11:18:21,467] 35 main.py - INFO - Model Training Completed
